app/build0/outputs/logs/manifest-merger-debug-report.txt
-- Merging decision tree log ---
manifest
ADDED from src\main\AndroidManifest.xml:2:1-79:12
	package
		ADDED from src\main\AndroidManifest.xml:3:11-43
		INJECTED from src\main\AndroidManifest.xml
		INJECTED from src\main\AndroidManifest.xml
	android:versionName
		INJECTED from src\main\AndroidManifest.xml
		INJECTED from src\main\AndroidManifest.xml
	xmlns:android
		ADDED from src\main\AndroidManifest.xml:2:11-69
	android:versionCode
		INJECTED from src\main\AndroidManifest.xml
		INJECTED from src\main\AndroidManifest.xml
uses-permission#android.permission.READ_EXTERNAL_STORAGE
ADDED from src\main\AndroidManifest.xml:5:5-79
	android:name
		ADDED from src\main\AndroidManifest.xml:5:22-77
uses-permission#android.permission.WRITE_EXTERNAL_STORAGE
ADDED from src\main\AndroidManifest.xml:6:5-80
	android:name
		ADDED from src\main\AndroidManifest.xml:6:22-78
uses-permission#android.permission.INTERNET
ADDED from src\main\AndroidManifest.xml:7:5-66
MERGED from [com.google.android.gms:play-services-ads-lite:11.2.0] AndroidManifest.xml:19:5-66
MERGED from [com.google.android.gms:play-services-analytics:11.2.0] AndroidManifest.xml:20:5-66
MERGED from [com.google.android.gms:play-services-appinvite:11.2.0] AndroidManifest.xml:18:5-66
MERGED from [com.google.firebase:firebase-crash:11.2.0] AndroidManifest.xml:18:5-66
MERGED from [com.google.android.gms:play-services-gcm:11.2.0] AndroidManifest.xml:21:5-66
MERGED from [com.google.android.gms:play-services-iid:11.2.0] AndroidManifest.xml:21:5-66
MERGED from [com.google.android.gms:play-services-tagmanager-api:11.2.0] AndroidManifest.xml:20:5-66
MERGED from [com.google.firebase:firebase-analytics:11.2.0] AndroidManifest.xml:20:5-66
MERGED from [com.google.firebase:firebase-analytics-impl:11.2.0] AndroidManifest.xml:20:5-66
MERGED from [com.google.firebase:firebase-iid:11.2.0] AndroidManifest.xml:20:5-66
MERGED from [com.google.android.gms:play-services-analytics-impl:11.2.0] AndroidManifest.xml:20:5-66
MERGED from [com.google.android.gms:play-services-maps:11.2.0] AndroidManifest.xml:20:5-66
	android:name
		ADDED from src\main\AndroidManifest.xml:7:22-64
application
ADDED from src\main\AndroidManifest.xml:9:5-77:19
MERGED from [com.android.support:preference-v7:23.3.0] AndroidManifest.xml:9:5-20
MERGED from [com.android.support.constraint:constraint-layout:1.0.2] AndroidManifest.xml:9:5-20
MERGED from [com.google.firebase:firebase-core:11.2.0] AndroidManifest.xml:5:5-20
MERGED from [com.google.android.gms:play-services:11.2.0] AndroidManifest.xml:5:5-20
MERGED from [com.google.android.gms:play-services-ads-lite:11.2.0] AndroidManifest.xml:23:5-26:19
MERGED from [com.google.android.gms:play-services-analytics:11.2.0] AndroidManifest.xml:26:5-19
MERGED from [com.google.android.gms:play-services-appinvite:11.2.0] AndroidManifest.xml:19:5-26:19
MERGED from [com.google.android.gms:play-services-auth:11.2.0] AndroidManifest.xml:19:5-25:19
MERGED from [com.google.android.gms:play-services-cast-framework:11.2.0] AndroidManifest.xml:4:5-8:19
MERGED from [com.google.android.gms:play-services-cast:11.2.0] AndroidManifest.xml:18:5-19
MERGED from [com.android.support:mediarouter-v7:25.2.0] AndroidManifest.xml:22:5-20
MERGED from [com.android.support:palette-v7:25.2.0] AndroidManifest.xml:22:5-23:19
MERGED from [com.google.firebase:firebase-config:11.2.0] AndroidManifest.xml:18:5-19
MERGED from [com.google.android.gms:play-services-awareness:11.2.0] AndroidManifest.xml:18:5-19
MERGED from [com.google.firebase:firebase-crash:11.2.0] AndroidManifest.xml:22:5-23:19
MERGED from [com.google.android.gms:play-services-fido:11.2.0] AndroidManifest.xml:5:3-6:17
MERGED from [com.google.firebase:firebase-auth:11.2.0] AndroidManifest.xml:19:5-20:19
MERGED from [com.google.firebase:firebase-dynamic-links:11.2.0] AndroidManifest.xml:5:3-17
MERGED from [com.google.firebase:firebase-messaging:11.2.0] AndroidManifest.xml:19:5-29:19
MERGED from [com.google.android.gms:play-services-fitness:11.2.0] AndroidManifest.xml:18:5-19
MERGED from [com.google.android.gms:play-services-games:11.2.0] AndroidManifest.xml:18:5-19
MERGED from [com.google.android.gms:play-services-drive:11.2.0] AndroidManifest.xml:18:5-19
MERGED from [com.google.android.gms:play-services-gass:11.2.0] AndroidManifest.xml:4:5-19
MERGED from [com.google.android.gms:play-services-gcm:11.2.0] AndroidManifest.xml:23:5-19
MERGED from [com.google.firebase:firebase-appindexing:11.2.0] AndroidManifest.xml:18:5-19
MERGED from [com.google.android.gms:play-services-iid:11.2.0] AndroidManifest.xml:23:5-19
MERGED from [com.google.android.gms:play-services-location:11.2.0] AndroidManifest.xml:4:5-19
MERGED from [com.google.android.gms:play-services-nearby:11.2.0] AndroidManifest.xml:5:5-19
MERGED from [com.google.android.gms:play-services-panorama:11.2.0] AndroidManifest.xml:18:5-19
MERGED from [com.google.android.gms:play-services-places:11.2.0] AndroidManifest.xml:18:5-19
MERGED from [com.google.android.gms:play-services-plus:11.2.0] AndroidManifest.xml:18:5-19
MERGED from [com.google.android.gms:play-services-safetynet:11.2.0] AndroidManifest.xml:18:5-19
MERGED from [com.google.android.gms:play-services-tagmanager-api:11.2.0] AndroidManifest.xml:23:5-33:19
MERGED from [com.google.firebase:firebase-analytics:11.2.0] AndroidManifest.xml:24:5-34:19
MERGED from [com.google.firebase:firebase-analytics-impl:11.2.0] AndroidManifest.xml:24:5-28:19
MERGED from [com.google.firebase:firebase-iid:11.2.0] AndroidManifest.xml:28:5-49:19
MERGED from [com.google.android.gms:play-services-tagmanager-v4-impl:11.2.0] AndroidManifest.xml:19:5-19
MERGED from [com.google.android.gms:play-services-analytics-impl:11.2.0] AndroidManifest.xml:26:5-19
MERGED from [com.google.android.gms:play-services-vision:11.2.0] AndroidManifest.xml:4:5-19
MERGED from [com.google.android.gms:play-services-vision-common:11.2.0] AndroidManifest.xml:4:5-19
MERGED from [com.google.android.gms:play-services-identity:11.2.0] AndroidManifest.xml:18:5-19
MERGED from [com.google.android.gms:play-services-maps:11.2.0] AndroidManifest.xml:24:5-19
MERGED from [com.google.android.gms:play-services-wearable:11.2.0] AndroidManifest.xml:18:5-19
MERGED from [com.google.android.gms:play-services-base:11.2.0] AndroidManifest.xml:18:5-20:19
MERGED from [com.google.firebase:firebase-common:11.2.0] AndroidManifest.xml:4:5-7:19
MERGED from [com.google.android.gms:play-services-tasks:11.2.0] AndroidManifest.xml:4:5-19
MERGED from [com.google.android.gms:play-services-basement:11.2.0] AndroidManifest.xml:19:5-21:19
MERGED from [com.android.support:cardview-v7:26.0.0-alpha1] AndroidManifest.xml:26:5-20
MERGED from [com.android.support:design:26.0.0-alpha1] AndroidManifest.xml:29:5-20
MERGED from [com.android.support:appcompat-v7:26.0.0-alpha1] AndroidManifest.xml:29:5-20
MERGED from [com.android.support:animated-vector-drawable:26.0.0-alpha1] AndroidManifest.xml:26:5-20
MERGED from [com.android.support:support-vector-drawable:26.0.0-alpha1] AndroidManifest.xml:26:5-20
MERGED from [com.android.support:transition:26.0.0-alpha1] AndroidManifest.xml:26:5-20
MERGED from [com.android.support:support-v4:26.0.0-alpha1] AndroidManifest.xml:29:5-20
MERGED from [com.android.support:support-media-compat:26.0.0-alpha1] AndroidManifest.xml:29:5-20
MERGED from [com.android.support:support-fragment:26.0.0-alpha1] AndroidManifest.xml:29:5-20
MERGED from [com.android.support:support-core-ui:26.0.0-alpha1] AndroidManifest.xml:29:5-20
MERGED from [com.android.support:support-core-utils:26.0.0-alpha1] AndroidManifest.xml:29:5-20
MERGED from [com.android.support:support-compat:26.0.0-alpha1] AndroidManifest.xml:29:5-20
	android:label
		ADDED from src\main\AndroidManifest.xml:12:9-41
	android:supportsRtl
		ADDED from src\main\AndroidManifest.xml:14:9-35
	android:roundIcon
		ADDED from src\main\AndroidManifest.xml:13:9-54
	android:allowBackup
		ADDED from src\main\AndroidManifest.xml:10:9-35
	android:icon
		ADDED from src\main\AndroidManifest.xml:11:9-43
	android:theme
		ADDED from src\main\AndroidManifest.xml:15:9-40
activity#com.fallenangel.linmea._modulus.main.ui.SplashScreen
ADDED from src\main\AndroidManifest.xml:16:9-22:20
	android:theme
		ADDED from src\main\AndroidManifest.xml:17:19-53
	android:name
		ADDED from src\main\AndroidManifest.xml:16:19-55
intent-filter#android.intent.action.MAIN+android.intent.category.LAUNCHER
ADDED from src\main\AndroidManifest.xml:18:13-21:29
category#android.intent.category.LAUNCHER
ADDED from src\main\AndroidManifest.xml:19:17-76
	android:name
		ADDED from src\main\AndroidManifest.xml:19:27-74
action#android.intent.action.MAIN
ADDED from src\main\AndroidManifest.xml:20:17-68
	android:name
		ADDED from src\main\AndroidManifest.xml:20:25-66
activity#com.fallenangel.linmea.linmea.startup.StartUpActivity
ADDED from src\main\AndroidManifest.xml:25:9-27:20
	android:name
		ADDED from src\main\AndroidManifest.xml:25:19-65
activity#com.fallenangel.linmea._modulus.auth.ui.LoginActivity
ADDED from src\main\AndroidManifest.xml:28:9-29:20
	android:name
		ADDED from src\main\AndroidManifest.xml:28:19-63
activity#com.fallenangel.linmea._modulus.auth.ui.SignUpActivity
ADDED from src\main\AndroidManifest.xml:30:9-31:20
	android:name
		ADDED from src\main\AndroidManifest.xml:30:19-64
activity#com.fallenangel.linmea.linmea.user.profile.ProfileActivity
ADDED from src\main\AndroidManifest.xml:32:9-33:20
	android:name
		ADDED from src\main\AndroidManifest.xml:32:19-70
activity#com.fallenangel.linmea.authentication.ChangePasswordActivity
ADDED from src\main\AndroidManifest.xml:34:9-35:20
	android:name
		ADDED from src\main\AndroidManifest.xml:34:19-72
activity#com.fallenangel.linmea.linmea.user.profile.ChangeProfileDataActivity
ADDED from src\main\AndroidManifest.xml:36:9-37:20
	android:name
		ADDED from src\main\AndroidManifest.xml:36:19-80
activity#com.fallenangel.linmea.profile.activities.ChangeUserProfileActivity
ADDED from src\main\AndroidManifest.xml:38:9-39:20
	android:name
		ADDED from src\main\AndroidManifest.xml:38:19-79
activity#com.fallenangel.linmea.firebase.FireBaseActivity
ADDED from src\main\AndroidManifest.xml:40:9-41:20
	android:name
		ADDED from src\main\AndroidManifest.xml:40:19-60
activity#com.fallenangel.linmea.firebase.AddWordCustomDictionaryActivity
ADDED from src\main\AndroidManifest.xml:42:9-43:20
	android:name
		ADDED from src\main\AndroidManifest.xml:42:19-75
activity#com.fallenangel.linmea.firebase.DictionariesListActivity
ADDED from src\main\AndroidManifest.xml:44:9-45:20
	android:name
		ADDED from src\main\AndroidManifest.xml:44:19-68
activity#com.fallenangel.linmea._linmea.ui.dictionaryName.AddCustomDictionaryActivity
ADDED from src\main\AndroidManifest.xml:46:9-47:20
	android:name
		ADDED from src\main\AndroidManifest.xml:46:19-84
activity#com.fallenangel.linmea._linmea.ui.dictionaryName.DictionaryActivity
ADDED from src\main\AndroidManifest.xml:48:9-49:20
	android:name
		ADDED from src\main\AndroidManifest.xml:48:19-75
activity#com.fallenangel.linmea.preference.SettingsActivity
ADDED from src\main\AndroidManifest.xml:50:9-53:20
	android:label
		ADDED from src\main\AndroidManifest.xml:52:13-60
	android:name
		ADDED from src\main\AndroidManifest.xml:51:13-56
activity#com.fallenangel.linmea._linmea.ui.preference.Preference
ADDED from src\main\AndroidManifest.xml:54:9-57:20
	android:label
		ADDED from src\main\AndroidManifest.xml:56:13-60
	android:name
		ADDED from src\main\AndroidManifest.xml:55:13-73
activity#com.fallenangel.linmea._modulus.main.ui.MainActivity
ADDED from src\main\AndroidManifest.xml:58:9-59:20
	android:name
		ADDED from src\main\AndroidManifest.xml:58:19-58
activity#com.fallenangel.linmea._linmea.ui.first_start.FirstStartActivity
ADDED from src\main\AndroidManifest.xml:60:9-61:20
	android:name
		ADDED from src\main\AndroidManifest.xml:60:19-76
service#com.fallenangel.linmea._linmea.service.UpdateUserData
ADDED from src\main\AndroidManifest.xml:63:9-67:19
	android:enabled
		ADDED from src\main\AndroidManifest.xml:65:13-35
	android:exported
		ADDED from src\main\AndroidManifest.xml:66:13-36
	android:name
		ADDED from src\main\AndroidManifest.xml:64:13-59
activity#com.fallenangel.linmea.linmea.ui.dictionaryName.WordDetailActivity
ADDED from src\main\AndroidManifest.xml:69:9-72:20
	android:windowSoftInputMode
		ADDED from src\main\AndroidManifest.xml:71:13-54
	android:name
		ADDED from src\main\AndroidManifest.xml:70:13-68
activity#com.fallenangel.linmea._linmea.ui.dictionaryName.BaseDetailActivity
ADDED from src\main\AndroidManifest.xml:73:9-76:20
	android:windowSoftInputMode
		ADDED from src\main\AndroidManifest.xml:75:13-54
	android:name
		ADDED from src\main\AndroidManifest.xml:74:13-69
uses-sdk
INJECTED from src\main\AndroidManifest.xml reason: use-sdk injection requested
MERGED from [com.android.support:preference-v7:23.3.0] AndroidManifest.xml:7:5-43
MERGED from [com.android.support.constraint:constraint-layout:1.0.2] AndroidManifest.xml:5:5-7:41
MERGED from [com.google.firebase:firebase-core:11.2.0] AndroidManifest.xml:4:5-43
MERGED from [com.google.android.gms:play-services:11.2.0] AndroidManifest.xml:4:5-43
MERGED from [com.google.android.gms:play-services-ads:11.2.0] AndroidManifest.xml:17:5-94
MERGED from [com.google.android.gms:play-services-ads-lite:11.2.0] AndroidManifest.xml:22:5-43
MERGED from [com.google.android.gms:play-services-analytics:11.2.0] AndroidManifest.xml:17:5-43
MERGED from [com.google.android.gms:play-services-appinvite:11.2.0] AndroidManifest.xml:17:5-43
MERGED from [com.google.android.gms:play-services-auth:11.2.0] AndroidManifest.xml:17:5-43
MERGED from [com.google.android.gms:play-services-auth-api-phone:11.2.0] AndroidManifest.xml:3:3-41
MERGED from [com.google.android.gms:play-services-auth-base:11.2.0] AndroidManifest.xml:4:5-43
MERGED from [com.google.android.gms:play-services-cast-framework:11.2.0] AndroidManifest.xml:3:5-43
MERGED from [com.google.android.gms:play-services-cast:11.2.0] AndroidManifest.xml:17:5-43
MERGED from [com.android.support:mediarouter-v7:25.2.0] AndroidManifest.xml:20:5-43
MERGED from [com.android.support:palette-v7:25.2.0] AndroidManifest.xml:20:5-43
MERGED from [com.google.firebase:firebase-config:11.2.0] AndroidManifest.xml:17:5-43
MERGED from [com.google.android.gms:play-services-awareness:11.2.0] AndroidManifest.xml:17:5-43
MERGED from [com.google.firebase:firebase-crash:11.2.0] AndroidManifest.xml:20:5-43
MERGED from [com.google.android.gms:play-services-fido:11.2.0] AndroidManifest.xml:4:3-41
MERGED from [com.google.firebase:firebase-auth:11.2.0] AndroidManifest.xml:17:5-43
MERGED from [com.google.firebase:firebase-dynamic-links:11.2.0] AndroidManifest.xml:3:3-41
MERGED from [com.google.firebase:firebase-messaging:11.2.0] AndroidManifest.xml:17:5-43
MERGED from [com.google.firebase:firebase-storage:11.2.0] AndroidManifest.xml:3:5-43
MERGED from [com.google.firebase:firebase-storage-common:11.2.0] AndroidManifest.xml:3:5-43
MERGED from [com.google.android.gms:play-services-fitness:11.2.0] AndroidManifest.xml:17:5-43
MERGED from [com.google.android.gms:play-services-games:11.2.0] AndroidManifest.xml:17:5-43
MERGED from [com.google.android.gms:play-services-drive:11.2.0] AndroidManifest.xml:17:5-43
MERGED from [com.google.android.gms:play-services-gass:11.2.0] AndroidManifest.xml:3:5-43
MERGED from [com.google.android.gms:play-services-gcm:11.2.0] AndroidManifest.xml:17:5-43
MERGED from [com.google.firebase:firebase-appindexing:11.2.0] AndroidManifest.xml:17:5-43
MERGED from [com.google.android.gms:play-services-iid:11.2.0] AndroidManifest.xml:17:5-43
MERGED from [com.google.android.gms:play-services-instantapps:11.2.0] AndroidManifest.xml:3:5-43
MERGED from [com.google.android.gms:play-services-location:11.2.0] AndroidManifest.xml:3:5-43
MERGED from [com.google.android.gms:play-services-nearby:11.2.0] AndroidManifest.xml:3:5-43
MERGED from [com.google.android.gms:play-services-panorama:11.2.0] AndroidManifest.xml:17:5-43
MERGED from [com.google.android.gms:play-services-places:11.2.0] AndroidManifest.xml:17:5-43
MERGED from [com.google.android.gms:play-services-plus:11.2.0] AndroidManifest.xml:17:5-43
MERGED from [com.google.android.gms:play-services-safetynet:11.2.0] AndroidManifest.xml:17:5-43
MERGED from [com.google.android.gms:play-services-tagmanager:11.2.0] AndroidManifest.xml:17:5-43
MERGED from [com.google.android.gms:play-services-tagmanager-api:11.2.0] AndroidManifest.xml:17:5-43
MERGED from [com.google.firebase:firebase-analytics:11.2.0] AndroidManifest.xml:17:5-43
MERGED from [com.google.firebase:firebase-analytics-impl:11.2.0] AndroidManifest.xml:17:5-43
MERGED from [com.google.firebase:firebase-iid:11.2.0] AndroidManifest.xml:17:5-43
MERGED from [com.google.android.gms:play-services-tagmanager-v4-impl:11.2.0] AndroidManifest.xml:17:5-43
MERGED from [com.google.android.gms:play-services-analytics-impl:11.2.0] AndroidManifest.xml:17:5-43
MERGED from [com.google.android.gms:play-services-vision:11.2.0] AndroidManifest.xml:3:5-43
MERGED from [com.google.android.gms:play-services-vision-common:11.2.0] AndroidManifest.xml:3:5-43
MERGED from [com.google.android.gms:play-services-wallet:11.2.0] AndroidManifest.xml:18:5-43
MERGED from [com.google.android.gms:play-services-identity:11.2.0] AndroidManifest.xml:17:5-43
MERGED from [com.google.android.gms:play-services-maps:11.2.0] AndroidManifest.xml:23:5-43
MERGED from [com.google.android.gms:play-services-wearable:11.2.0] AndroidManifest.xml:17:5-43
MERGED from [com.google.android.gms:play-services-base:11.2.0] AndroidManifest.xml:17:5-43
MERGED from [com.google.firebase:firebase-database:11.2.0] AndroidManifest.xml:3:5-43
MERGED from [com.google.firebase:firebase-database-connection:11.2.0] AndroidManifest.xml:3:5-43
MERGED from [com.google.firebase:firebase-common:11.2.0] AndroidManifest.xml:3:5-43
MERGED from [com.google.android.gms:play-services-tasks:11.2.0] AndroidManifest.xml:3:5-43
MERGED from [com.google.android.gms:play-services-basement:11.2.0] AndroidManifest.xml:17:5-43
MERGED from [com.android.support:cardview-v7:26.0.0-alpha1] AndroidManifest.xml:20:5-44
MERGED from [com.android.support:design:26.0.0-alpha1] AndroidManifest.xml:21:5-23:62
MERGED from [com.android.support:appcompat-v7:26.0.0-alpha1] AndroidManifest.xml:21:5-23:78
MERGED from [com.android.support:animated-vector-drawable:26.0.0-alpha1] AndroidManifest.xml:20:5-44
MERGED from [com.android.support:support-vector-drawable:26.0.0-alpha1] AndroidManifest.xml:20:5-44
MERGED from [com.android.support:recyclerview-v7:26.0.0-alpha1] AndroidManifest.xml:20:5-44
MERGED from [com.android.support:transition:26.0.0-alpha1] AndroidManifest.xml:20:5-44
MERGED from [com.android.support:support-v4:26.0.0-alpha1] AndroidManifest.xml:21:5-23:54
MERGED from [com.android.support:support-media-compat:26.0.0-alpha1] AndroidManifest.xml:21:5-23:63
MERGED from [com.android.support:support-fragment:26.0.0-alpha1] AndroidManifest.xml:21:5-23:60
MERGED from [com.android.support:support-core-ui:26.0.0-alpha1] AndroidManifest.xml:21:5-23:58
MERGED from [com.android.support:support-core-utils:26.0.0-alpha1] AndroidManifest.xml:21:5-23:61
MERGED from [com.android.support:support-compat:26.0.0-alpha1] AndroidManifest.xml:21:5-23:58
	tools:overrideLibrary
		ADDED from [com.google.android.gms:play-services-ads:11.2.0] AndroidManifest.xml:17:42-92
	android:targetSdkVersion
		INJECTED from src\main\AndroidManifest.xml
		INJECTED from src\main\AndroidManifest.xml
	android:minSdkVersion
		INJECTED from src\main\AndroidManifest.xml
		INJECTED from src\main\AndroidManifest.xml
uses-permission#android.permission.ACCESS_NETWORK_STATE
ADDED from [com.google.android.gms:play-services-ads-lite:11.2.0] AndroidManifest.xml:20:5-78
MERGED from [com.google.android.gms:play-services-analytics:11.2.0] AndroidManifest.xml:21:5-78
MERGED from [com.google.android.gms:play-services-nearby:11.2.0] AndroidManifest.xml:4:5-78
MERGED from [com.google.android.gms:play-services-tagmanager-api:11.2.0] AndroidManifest.xml:21:5-78
MERGED from [com.google.firebase:firebase-analytics:11.2.0] AndroidManifest.xml:21:5-78
MERGED from [com.google.firebase:firebase-analytics-impl:11.2.0] AndroidManifest.xml:21:5-78
MERGED from [com.google.firebase:firebase-iid:11.2.0] AndroidManifest.xml:19:5-78
MERGED from [com.google.android.gms:play-services-analytics-impl:11.2.0] AndroidManifest.xml:21:5-78
MERGED from [com.google.android.gms:play-services-maps:11.2.0] AndroidManifest.xml:19:5-78
	android:name
		ADDED from [com.google.android.gms:play-services-ads-lite:11.2.0] AndroidManifest.xml:20:22-76
activity#com.google.android.gms.ads.AdActivity
ADDED from [com.google.android.gms:play-services-ads-lite:11.2.0] AndroidManifest.xml:25:9-257
	android:exported
		ADDED from [com.google.android.gms:play-services-ads-lite:11.2.0] AndroidManifest.xml:25:231-255
	android:configChanges
		ADDED from [com.google.android.gms:play-services-ads-lite:11.2.0] AndroidManifest.xml:25:72-181
	android:theme
		ADDED from [com.google.android.gms:play-services-ads-lite:11.2.0] AndroidManifest.xml:25:182-230
	android:name
		ADDED from [com.google.android.gms:play-services-ads-lite:11.2.0] AndroidManifest.xml:25:19-71
uses-permission#android.permission.WAKE_LOCK
ADDED from [com.google.android.gms:play-services-analytics:11.2.0] AndroidManifest.xml:24:5-67
MERGED from [com.google.firebase:firebase-analytics:11.2.0] AndroidManifest.xml:22:5-67
MERGED from [com.google.firebase:firebase-analytics-impl:11.2.0] AndroidManifest.xml:22:5-67
MERGED from [com.google.firebase:firebase-iid:11.2.0] AndroidManifest.xml:21:5-67
MERGED from [com.google.android.gms:play-services-analytics-impl:11.2.0] AndroidManifest.xml:24:5-67
	android:name
		ADDED from [com.google.android.gms:play-services-analytics:11.2.0] AndroidManifest.xml:24:22-65
activity#com.google.android.gms.appinvite.PreviewActivity
ADDED from [com.google.android.gms:play-services-appinvite:11.2.0] AndroidManifest.xml:20:9-25:20
	android:exported
		ADDED from [com.google.android.gms:play-services-appinvite:11.2.0] AndroidManifest.xml:20:51-74
	android:theme
		ADDED from [com.google.android.gms:play-services-appinvite:11.2.0] AndroidManifest.xml:20:75-121
	android:name
		ADDED from [com.google.android.gms:play-services-appinvite:11.2.0] AndroidManifest.xml:20:19-50
intent-filter#android.intent.category.DEFAULT+com.google.android.gms.appinvite.ACTION_PREVIEW
ADDED from [com.google.android.gms:play-services-appinvite:11.2.0] AndroidManifest.xml:21:13-24:29
action#com.google.android.gms.appinvite.ACTION_PREVIEW
ADDED from [com.google.android.gms:play-services-appinvite:11.2.0] AndroidManifest.xml:22:17-89
	android:name
		ADDED from [com.google.android.gms:play-services-appinvite:11.2.0] AndroidManifest.xml:22:25-87
category#android.intent.category.DEFAULT
ADDED from [com.google.android.gms:play-services-appinvite:11.2.0] AndroidManifest.xml:23:17-75
	android:name
		ADDED from [com.google.android.gms:play-services-appinvite:11.2.0] AndroidManifest.xml:23:27-73
activity#com.google.android.gms.auth.api.signin.internal.SignInHubActivity
ADDED from [com.google.android.gms:play-services-auth:11.2.0] AndroidManifest.xml:20:9-189
	android:excludeFromRecents
		ADDED from [com.google.android.gms:play-services-auth:11.2.0] AndroidManifest.xml:20:129-162
	android:exported
		ADDED from [com.google.android.gms:play-services-auth:11.2.0] AndroidManifest.xml:20:163-187
	android:theme
		ADDED from [com.google.android.gms:play-services-auth:11.2.0] AndroidManifest.xml:20:69-128
	android:name
		ADDED from [com.google.android.gms:play-services-auth:11.2.0] AndroidManifest.xml:20:19-68
service#com.google.android.gms.auth.api.signin.RevocationBoundService
ADDED from [com.google.android.gms:play-services-auth:11.2.0] AndroidManifest.xml:24:9-184
	android:exported
		ADDED from [com.google.android.gms:play-services-auth:11.2.0] AndroidManifest.xml:24:64-87
	android:permission
		ADDED from [com.google.android.gms:play-services-auth:11.2.0] AndroidManifest.xml:24:88-182
	android:name
		ADDED from [com.google.android.gms:play-services-auth:11.2.0] AndroidManifest.xml:24:18-63
receiver#com.google.android.gms.cast.framework.media.MediaIntentReceiver
ADDED from [com.google.android.gms:play-services-cast-framework:11.2.0] AndroidManifest.xml:5:9-99
	android:name
		ADDED from [com.google.android.gms:play-services-cast-framework:11.2.0] AndroidManifest.xml:5:19-97
service#com.google.android.gms.cast.framework.media.MediaNotificationService
ADDED from [com.google.android.gms:play-services-cast-framework:11.2.0] AndroidManifest.xml:6:9-103
	android:name
		ADDED from [com.google.android.gms:play-services-cast-framework:11.2.0] AndroidManifest.xml:6:18-101
service#com.google.android.gms.cast.framework.ReconnectionService
ADDED from [com.google.android.gms:play-services-cast-framework:11.2.0] AndroidManifest.xml:7:9-92
	android:name
		ADDED from [com.google.android.gms:play-services-cast-framework:11.2.0] AndroidManifest.xml:7:18-90
service#com.google.firebase.messaging.FirebaseMessagingService
ADDED from [com.google.firebase:firebase-messaging:11.2.0] AndroidManifest.xml:23:9-27:19
	android:exported
		ADDED from [com.google.firebase:firebase-messaging:11.2.0] AndroidManifest.xml:23:88-111
	android:name
		ADDED from [com.google.firebase:firebase-messaging:11.2.0] AndroidManifest.xml:23:18-87
intent-filter#com.google.firebase.MESSAGING_EVENT
ADDED from [com.google.firebase:firebase-messaging:11.2.0] AndroidManifest.xml:24:13-26:29
	android:priority
		ADDED from [com.google.firebase:firebase-messaging:11.2.0] AndroidManifest.xml:24:28-51
action#com.google.firebase.MESSAGING_EVENT
ADDED from [com.google.firebase:firebase-messaging:11.2.0] AndroidManifest.xml:25:17-77
	android:name
		ADDED from [com.google.firebase:firebase-messaging:11.2.0] AndroidManifest.xml:25:25-75
uses-permission#com.google.android.c2dm.permission.RECEIVE
ADDED from [com.google.android.gms:play-services-gcm:11.2.0] AndroidManifest.xml:20:5-81
MERGED from [com.google.android.gms:play-services-iid:11.2.0] AndroidManifest.xml:20:5-81
MERGED from [com.google.firebase:firebase-iid:11.2.0] AndroidManifest.xml:22:5-81
	android:name
		ADDED from [com.google.android.gms:play-services-gcm:11.2.0] AndroidManifest.xml:20:22-79
service#com.google.android.gms.tagmanager.TagManagerService
ADDED from [com.google.android.gms:play-services-tagmanager-api:11.2.0] AndroidManifest.xml:24:9-134
	android:enabled
		ADDED from [com.google.android.gms:play-services-tagmanager-api:11.2.0] AndroidManifest.xml:24:110-132
	android:exported
		ADDED from [com.google.android.gms:play-services-tagmanager-api:11.2.0] AndroidManifest.xml:24:85-109
	android:name
		ADDED from [com.google.android.gms:play-services-tagmanager-api:11.2.0] AndroidManifest.xml:24:18-84
activity#com.google.android.gms.tagmanager.TagManagerPreviewActivity
ADDED from [com.google.android.gms:play-services-tagmanager-api:11.2.0] AndroidManifest.xml:25:9-32:20
	android:exported
		ADDED from [com.google.android.gms:play-services-tagmanager-api:11.2.0] AndroidManifest.xml:25:94-117
	android:noHistory
		ADDED from [com.google.android.gms:play-services-tagmanager-api:11.2.0] AndroidManifest.xml:25:118-142
	android:name
		ADDED from [com.google.android.gms:play-services-tagmanager-api:11.2.0] AndroidManifest.xml:25:19-93
intent-filter#android.intent.action.VIEW+android.intent.category.BROWSABLE+android.intent.category.DEFAULT
ADDED from [com.google.android.gms:play-services-tagmanager-api:11.2.0] AndroidManifest.xml:26:13-31:29
data
ADDED from [com.google.android.gms:play-services-tagmanager-api:11.2.0] AndroidManifest.xml:27:17-71
	android:scheme
		ADDED from [com.google.android.gms:play-services-tagmanager-api:11.2.0] AndroidManifest.xml:27:23-69
action#android.intent.action.VIEW
ADDED from [com.google.android.gms:play-services-tagmanager-api:11.2.0] AndroidManifest.xml:28:17-68
	android:name
		ADDED from [com.google.android.gms:play-services-tagmanager-api:11.2.0] AndroidManifest.xml:28:25-66
category#android.intent.category.BROWSABLE
ADDED from [com.google.android.gms:play-services-tagmanager-api:11.2.0] AndroidManifest.xml:30:17-77
	android:name
		ADDED from [com.google.android.gms:play-services-tagmanager-api:11.2.0] AndroidManifest.xml:30:27-75
receiver#com.google.android.gms.measurement.AppMeasurementReceiver
ADDED from [com.google.firebase:firebase-analytics:11.2.0] AndroidManifest.xml:25:7-26:18
MERGED from [com.google.firebase:firebase-analytics-impl:11.2.0] AndroidManifest.xml:25:7-26:18
	android:enabled
		ADDED from [com.google.firebase:firebase-analytics:11.2.0] AndroidManifest.xml:25:90-112
	android:exported
		ADDED from [com.google.firebase:firebase-analytics:11.2.0] AndroidManifest.xml:25:113-137
	android:name
		ADDED from [com.google.firebase:firebase-analytics:11.2.0] AndroidManifest.xml:25:17-89
receiver#com.google.android.gms.measurement.AppMeasurementInstallReferrerReceiver
ADDED from [com.google.firebase:firebase-analytics:11.2.0] AndroidManifest.xml:27:7-31:18
	android:enabled
		ADDED from [com.google.firebase:firebase-analytics:11.2.0] AndroidManifest.xml:27:162-184
	android:exported
		ADDED from [com.google.firebase:firebase-analytics:11.2.0] AndroidManifest.xml:27:185-208
	android:permission
		ADDED from [com.google.firebase:firebase-analytics:11.2.0] AndroidManifest.xml:27:105-161
	android:name
		ADDED from [com.google.firebase:firebase-analytics:11.2.0] AndroidManifest.xml:27:17-104
intent-filter#com.android.vending.INSTALL_REFERRER
ADDED from [com.google.firebase:firebase-analytics:11.2.0] AndroidManifest.xml:28:11-30:27
action#com.android.vending.INSTALL_REFERRER
ADDED from [com.google.firebase:firebase-analytics:11.2.0] AndroidManifest.xml:29:15-76
	android:name
		ADDED from [com.google.firebase:firebase-analytics:11.2.0] AndroidManifest.xml:29:23-74
service#com.google.android.gms.measurement.AppMeasurementService
ADDED from [com.google.firebase:firebase-analytics:11.2.0] AndroidManifest.xml:32:7-137